<?xml version="1.0" encoding="UTF-8" ?>
<testsuite skipped="0" tests="1" failures="0" errors="0" name="org.ebayopensource.turmeric.runtime.errorlibrary.ConfigValidationTest" time="0.719">
  <properties>
    <property value="IBM Corporation" name="java.vendor"/>
    <property value="C:\maven.repo\vthangathurai\realos" name="localRepository"/>
    <property value="SUN_STANDARD" name="sun.java.launcher"/>
    <property value="Windows Server 2003" name="os.name"/>
    <property value="C:\TedDrop2\lastdropibelieve\installed2\java6-ibm-sr4ifx3-2009-06-22\jre\lib\vm.jar;C:\TedDrop2\lastdropibelieve\installed2\java6-ibm-sr4ifx3-2009-06-22\jre\lib\annotation.jar;C:\TedDrop2\lastdropibelieve\installed2\java6-ibm-sr4ifx3-2009-06-22\jre\lib\beans.jar;C:\TedDrop2\lastdropibelieve\installed2\java6-ibm-sr4ifx3-2009-06-22\jre\lib\java.util.jar;C:\TedDrop2\lastdropibelieve\installed2\java6-ibm-sr4ifx3-2009-06-22\jre\lib\jndi.jar;C:\TedDrop2\lastdropibelieve\installed2\java6-ibm-sr4ifx3-2009-06-22\jre\lib\logging.jar;C:\TedDrop2\lastdropibelieve\installed2\java6-ibm-sr4ifx3-2009-06-22\jre\lib\security.jar;C:\TedDrop2\lastdropibelieve\installed2\java6-ibm-sr4ifx3-2009-06-22\jre\lib\sql.jar;C:\TedDrop2\lastdropibelieve\installed2\java6-ibm-sr4ifx3-2009-06-22\jre\lib\ibmorb.jar;C:\TedDrop2\lastdropibelieve\installed2\java6-ibm-sr4ifx3-2009-06-22\jre\lib\ibmorbapi.jar;C:\TedDrop2\lastdropibelieve\installed2\java6-ibm-sr4ifx3-2009-06-22\jre\lib\ibmcfw.jar;C:\TedDrop2\lastdropibelieve\installed2\java6-ibm-sr4ifx3-2009-06-22\jre\lib\rt.jar;C:\TedDrop2\lastdropibelieve\installed2\java6-ibm-sr4ifx3-2009-06-22\jre\lib\charsets.jar;C:\TedDrop2\lastdropibelieve\installed2\java6-ibm-sr4ifx3-2009-06-22\jre\lib\resources.jar;C:\TedDrop2\lastdropibelieve\installed2\java6-ibm-sr4ifx3-2009-06-22\jre\lib\ibmpkcs.jar;C:\TedDrop2\lastdropibelieve\installed2\java6-ibm-sr4ifx3-2009-06-22\jre\lib\ibmcertpathfw.jar;C:\TedDrop2\lastdropibelieve\installed2\java6-ibm-sr4ifx3-2009-06-22\jre\lib\ibmjgssfw.jar;C:\TedDrop2\lastdropibelieve\installed2\java6-ibm-sr4ifx3-2009-06-22\jre\lib\ibmjssefw.jar;C:\TedDrop2\lastdropibelieve\installed2\java6-ibm-sr4ifx3-2009-06-22\jre\lib\ibmsaslfw.jar;C:\TedDrop2\lastdropibelieve\installed2\java6-ibm-sr4ifx3-2009-06-22\jre\lib\ibmjcefw.jar;C:\TedDrop2\lastdropibelieve\installed2\java6-ibm-sr4ifx3-2009-06-22\jre\lib\ibmjgssprovider.jar;C:\TedDrop2\lastdropibelieve\installed2\java6-ibm-sr4ifx3-2009-06-22\jre\lib\ibmjsseprovider2.jar;C:\TedDrop2\lastdropibelieve\installed2\java6-ibm-sr4ifx3-2009-06-22\jre\lib\ibmcertpathprovider.jar;C:\TedDrop2\lastdropibelieve\installed2\java6-ibm-sr4ifx3-2009-06-22\jre\lib\ibmxmlcrypto.jar;C:\TedDrop2\lastdropibelieve\installed2\java6-ibm-sr4ifx3-2009-06-22\jre\lib\management-agent.jar;C:\TedDrop2\lastdropibelieve\installed2\java6-ibm-sr4ifx3-2009-06-22\jre\lib\xml.jar;C:\TedDrop2\lastdropibelieve\installed2\java6-ibm-sr4ifx3-2009-06-22\jre\lib\jlm.jar;C:\TedDrop2\lastdropibelieve\installed2\java6-ibm-sr4ifx3-2009-06-22\jre\lib\javascript.jar" name="sun.boot.class.path"/>
    <property value="" name="sun.java2d.fontpath"/>
    <property value="Sun Microsystems Inc." name="java.vm.specification.vendor"/>
    <property value="jvmwi3260sr4ifx-20090506_35012" name="java.runtime.version"/>
    <property value="vthangathurai" name="user.name"/>
    <property value="j9jit24" name="java.compiler"/>
    <property value="UTF8" name="os.encoding"/>
    <property value="" name="com.ibm.util.extralibs.properties"/>
    <property value="" name="com.ibm.jcl.checkClassPath"/>
    <property value="en" name="user.language"/>
    <property value="C:\TedDrop2\lastdropibelieve\installed2\java6-ibm-sr4ifx3-2009-06-22\jre\bin" name="com.ibm.oti.vm.bootstrap.library.path"/>
    <property value="C:\TedDrop2\lastdropibelieve\installed2\java6-ibm-sr4ifx3-2009-06-22\jre\bin" name="sun.boot.library.path"/>
    <property value="1.6.0" name="java.version"/>
    <property value="" name="user.timezone"/>
    <property value="C:\soacopy\runtime-error-library\target\testing-logs" name="com.ebay.log.dir"/>
    <property value="32" name="sun.arch.data.model"/>
    <property value="1" name="com.ibm.zero.version"/>
    <property value="C:\TedDrop2\lastdropibelieve\installed2\java6-ibm-sr4ifx3-2009-06-22\jre\lib\endorsed" name="java.endorsed.dirs"/>
    <property value="24" name="com.ibm.oti.vm.library.version"/>
    <property value="Cp1252" name="sun.jnu.encoding"/>
    <property value="14" name="jxe.current.romimage.version"/>
    <property value="\" name="file.separator"/>
    <property value="Java Platform API Specification" name="java.specification.name"/>
    <property value="50.0" name="java.class.version"/>
    <property value="US" name="user.country"/>
    <property value="C:\TedDrop2\lastdropibelieve\installed2\java6-ibm-sr4ifx3-2009-06-22\jre" name="java.home"/>
    <property value="J2RE 1.6.0 IBM J9 2.4 Windows Server 2003 x86-32 jvmwi3260sr4ifx-20090506_35012 (JIT enabled, AOT enabled)
J9VM - 20090506_035012_lHdSMr
JIT  - r9_20090213_2028ifx2
GC   - 20090213_AA" name="java.vm.info"/>
    <property value="5.2 build 3790 Service Pack 2" name="os.version"/>
    <property value="C:\DOCUME~1\VTHANG~1\LOCALS~1\Temp\2\surefirebooter8474244748321996000.jar" name="surefire.real.class.path"/>
    <property value="" name="java.awt.fonts"/>
    <property value=";" name="path.separator"/>
    <property value="2.4" name="java.vm.version"/>
    <property value="java.util.prefs.WindowsPreferencesFactory" name="java.util.prefs.PreferencesFactory"/>
    <property value="" name="user.variant"/>
    <property value="Cp437" name="console.encoding"/>
    <property value="sun.awt.windows.WPrinterJob" name="java.awt.printerjob"/>
    <property value="UnicodeLittle" name="sun.io.unicode.encoding"/>
    <property value="sun.awt.windows.WToolkit" name="awt.toolkit"/>
    <property value="true" name="ibm.signalhandling.sigint"/>
    <property value="ON" name="java.assistive"/>
    <property value="C:\Documents and Settings\vthangathurai" name="user.home"/>
    <property value="little" name="com.ibm.cpu.endian"/>
    <property value="Sun Microsystems Inc." name="java.specification.vendor"/>
    <property value="true" name="ibm.signalhandling.sigchain"/>
    <property value="C:\TedDrop2\lastdropibelieve\installed2\java6-ibm-sr4ifx3-2009-06-22\jre\bin;.;C:/ede4.5/java6-ibm-sr4ifx3-2009-06-22-windows/bin/../jre/bin/j9vm;C:/ede4.5/java6-ibm-sr4ifx3-2009-06-22-windows/bin/../jre/bin;C:/ede4.5/java6-ibm-sr4ifx3-2009-06-22-windows/bin/../jre/lib/i386;C:\Perl\bin\;C:\ede4.5\java6-ibm-sr4ifx3-2009-06-22-windows\bin\;C:\Program Files (x86)\Rational\ClearCase\bin;C:\Oracle\ora92\bin;C:\windows;C:\windows\System32;C:\windows\System32\Wbem;C:\Program Files (x86)\Vim\vim63;C:\Python22;C:\ruby\bin;C:\Perl\bin;C:\Program Files (x86)\Rational\common;C:\ede5\installed\apache-ant-1.7.1.2008.06.27\bin;C:\opt\groovy-1.1-beta-3\bin;C:\Program Files (x86)\Windows Imaging\;C:\windows\system32\WindowsPowerShell\v1.0;C:\tomcat55\bin;C:\windows\system32\WindowsPowerShell\v1.0;C:\maven3\apache-maven-3.0\bin;C:\Program Files (x86)\TortoiseSVN\bin;C:\Program Files\SlikSvn\bin\;C:\Nexus\nexus-oss-webapp-1.9.0.1\bin;C:\HDMIAgentService;C:\Program Files\MySQL\MySQL Server 5.5\bin;D:\eclipse\eclipse;" name="java.library.path"/>
    <property value="http://www.ibm.com/" name="java.vendor.url"/>
    <property value="IBM Corporation" name="java.vm.vendor"/>
    <property value="J2RE 1.6.0 IBM J9 2.4 Windows Server 2003 x86-32 jvmwi3260sr4ifx-20090506_35012 (JIT enabled, AOT enabled)
J9VM - 20090506_035012_lHdSMr
JIT  - r9_20090213_2028ifx2
GC   - 20090213_AA" name="java.fullversion"/>
    <property value="Java(TM) SE Runtime Environment" name="java.runtime.name"/>
    <property value="C:\DOCUME~1\VTHANG~1\LOCALS~1\Temp\2\surefirebooter8474244748321996000.jar C:\DOCUME~1\VTHANG~1\LOCALS~1\Temp\2\surefire5765945558847759188tmp C:\DOCUME~1\VTHANG~1\LOCALS~1\Temp\2\surefire4769085922058159686tmp" name="sun.java.command"/>
    <property value="C:\soacopy\runtime-error-library\target\test-classes;C:\soacopy\runtime-error-library\target\classes;C:\maven.repo\vthangathurai\realos\org\ebayopensource\turmeric\typelib\common-type-library\1.0.1.0-SNAPSHOT\common-type-library-1.0.1.0-SNAPSHOT.jar;C:\maven.repo\vthangathurai\realos\org\ebayopensource\turmeric\runtime\config-validation-tests\1.0.1.0-SNAPSHOT\config-validation-tests-1.0.1.0-SNAPSHOT.jar;C:\maven.repo\vthangathurai\realos\org\ebayopensource\turmeric\turmeric-junit\1.0.3\turmeric-junit-1.0.3.jar;C:\maven.repo\vthangathurai\realos\org\json\json\20080701\json-20080701.jar;C:\maven.repo\vthangathurai\realos\org\jdom\jdom\1.1\jdom-1.1.jar;C:\maven.repo\vthangathurai\realos\jaxen\jaxen\1.1.1\jaxen-1.1.1.jar;C:\maven.repo\vthangathurai\realos\dom4j\dom4j\1.6.1\dom4j-1.6.1.jar;C:\maven.repo\vthangathurai\realos\jdom\jdom\1.0\jdom-1.0.jar;C:\maven.repo\vthangathurai\realos\xml-apis\xml-apis\1.0.b2\xml-apis-1.0.b2.jar;C:\maven.repo\vthangathurai\realos\xerces\xercesImpl\2.8.1\xercesImpl-2.8.1.jar;C:\maven.repo\vthangathurai\realos\xom\xom\1.0\xom-1.0.jar;C:\maven.repo\vthangathurai\realos\xerces\xmlParserAPIs\2.6.2\xmlParserAPIs-2.6.2.jar;C:\maven.repo\vthangathurai\realos\xalan\xalan\2.6.0\xalan-2.6.0.jar;C:\maven.repo\vthangathurai\realos\com\ibm\icu\icu4j\2.6.1\icu4j-2.6.1.jar;C:\maven.repo\vthangathurai\realos\com\thoughtworks\qdox\qdox\1.12\qdox-1.12.jar;C:\maven.repo\vthangathurai\realos\commons-lang\commons-lang\2.1\commons-lang-2.1.jar;C:\maven.repo\vthangathurai\realos\commons-io\commons-io\1.3.2\commons-io-1.3.2.jar;C:\maven.repo\vthangathurai\realos\junit\junit\4.8.1\junit-4.8.1.jar;C:\maven.repo\vthangathurai\realos\org\hamcrest\hamcrest-library\1.1\hamcrest-library-1.1.jar;C:\maven.repo\vthangathurai\realos\org\hamcrest\hamcrest-core\1.1\hamcrest-core-1.1.jar;C:\maven.repo\vthangathurai\realos\org\apache\felix\org.osgi.core\1.0.0\org.osgi.core-1.0.0.jar;" name="java.class.path"/>
    <property value="Java Virtual Machine Specification" name="java.vm.specification.name"/>
    <property value="1.0" name="java.vm.specification.version"/>
    <property value="C:\soacopy\runtime-error-library\target\test-classes;C:\soacopy\runtime-error-library\target\classes;C:\maven.repo\vthangathurai\realos\org\ebayopensource\turmeric\typelib\common-type-library\1.0.1.0-SNAPSHOT\common-type-library-1.0.1.0-SNAPSHOT.jar;C:\maven.repo\vthangathurai\realos\org\ebayopensource\turmeric\runtime\config-validation-tests\1.0.1.0-SNAPSHOT\config-validation-tests-1.0.1.0-SNAPSHOT.jar;C:\maven.repo\vthangathurai\realos\org\ebayopensource\turmeric\turmeric-junit\1.0.3\turmeric-junit-1.0.3.jar;C:\maven.repo\vthangathurai\realos\org\json\json\20080701\json-20080701.jar;C:\maven.repo\vthangathurai\realos\org\jdom\jdom\1.1\jdom-1.1.jar;C:\maven.repo\vthangathurai\realos\jaxen\jaxen\1.1.1\jaxen-1.1.1.jar;C:\maven.repo\vthangathurai\realos\dom4j\dom4j\1.6.1\dom4j-1.6.1.jar;C:\maven.repo\vthangathurai\realos\jdom\jdom\1.0\jdom-1.0.jar;C:\maven.repo\vthangathurai\realos\xml-apis\xml-apis\1.0.b2\xml-apis-1.0.b2.jar;C:\maven.repo\vthangathurai\realos\xerces\xercesImpl\2.8.1\xercesImpl-2.8.1.jar;C:\maven.repo\vthangathurai\realos\xom\xom\1.0\xom-1.0.jar;C:\maven.repo\vthangathurai\realos\xerces\xmlParserAPIs\2.6.2\xmlParserAPIs-2.6.2.jar;C:\maven.repo\vthangathurai\realos\xalan\xalan\2.6.0\xalan-2.6.0.jar;C:\maven.repo\vthangathurai\realos\com\ibm\icu\icu4j\2.6.1\icu4j-2.6.1.jar;C:\maven.repo\vthangathurai\realos\com\thoughtworks\qdox\qdox\1.12\qdox-1.12.jar;C:\maven.repo\vthangathurai\realos\commons-lang\commons-lang\2.1\commons-lang-2.1.jar;C:\maven.repo\vthangathurai\realos\commons-io\commons-io\1.3.2\commons-io-1.3.2.jar;C:\maven.repo\vthangathurai\realos\junit\junit\4.8.1\junit-4.8.1.jar;C:\maven.repo\vthangathurai\realos\org\hamcrest\hamcrest-library\1.1\hamcrest-library-1.1.jar;C:\maven.repo\vthangathurai\realos\org\hamcrest\hamcrest-core\1.1\hamcrest-core-1.1.jar;C:\maven.repo\vthangathurai\realos\org\apache\felix\org.osgi.core\1.0.0\org.osgi.core-1.0.0.jar;" name="surefire.test.class.path"/>
    <property value="C:\DOCUME~1\VTHANG~1\LOCALS~1\Temp\2\" name="java.io.tmpdir"/>
    <property value="20090218_01" name="java.jcl.version"/>
    <property value="Cp1252" name="ibm.system.encoding"/>
    <property value="x86" name="os.arch"/>
    <property value="sun.awt.Win32GraphicsEnvironment" name="java.awt.graphicsenv"/>
    <property value="false" name="ibm.signalhandling.rs"/>
    <property value="org.ebayopensource.turmeric.junit.logging.SimpleConsoleHandler$Init" name="java.util.logging.config.class"/>
    <property value="C:\TedDrop2\lastdropibelieve\installed2\java6-ibm-sr4ifx3-2009-06-22\jre\lib\ext" name="java.ext.dirs"/>
    <property value="C:\soacopy\runtime-error-library" name="user.dir"/>
    <property value="
" name="line.separator"/>
    <property value="IBM J9 VM" name="java.vm.name"/>
    <property value="false" name="com.ibm.oti.shared.enabled"/>
    <property value="32" name="com.ibm.vm.bitmode"/>
    <property value="C:\soacopy\runtime-error-library" name="basedir"/>
    <property value="14" name="jxe.lowest.romimage.version"/>
    <property value="Cp1252" name="file.encoding"/>
    <property value="20090121_0923" name="com.ibm.oti.jcl.build"/>
    <property value="1.6" name="java.specification.version"/>
    <property value="scar" name="com.ibm.oti.configuration"/>
  </properties>
  <testcase classname="org.ebayopensource.turmeric.runtime.errorlibrary.ConfigValidationTest" name="testProjectConfigs" time="0.594"/>
</testsuite>